
> front@0.1.0 build
> next build

   ▲ Next.js 15.0.3

   Creating an optimized production build ...
 ✓ Compiled successfully
   Linting and checking validity of types ...
   Collecting page data ...
   Generating static pages (0/5) ...
   Generating static pages (1/5) 
   Generating static pages (2/5) 
   Generating static pages (3/5) 
 ✓ Generating static pages (5/5)
   Finalizing page optimization ...
   Collecting build traces ...

Route (app)                              Size     First Load JS
┌ ○ /                                    316 B           100 kB
└ ○ /_not-found                          897 B           101 kB
+ First Load JS shared by all            99.9 kB
  ├ chunks/855-14d88fc6f3d71de2.js       45.6 kB
  ├ chunks/87c73c54-446c268f26ffc253.js  52.5 kB
  └ other shared chunks (total)          1.88 kB


○  (Static)  prerendered as static content

